[2025-12-11 21:15:43] DEBUG celery.utils.functional functional:335 - 
def xstarmap(task, it):
    return 1

[2025-12-11 21:15:43] DEBUG celery.utils.functional functional:335 - 
def accumulate(self, *args, **kwargs):
    return 1

[2025-12-11 21:15:43] DEBUG celery.utils.functional functional:335 - 
def chord(self, header, body, partial_args=0, interval=1, countdown=2, max_retries=3, eager=4, **kwargs):
    return 1

[2025-12-11 21:15:43] DEBUG celery.utils.functional functional:335 - 
def chunks(task, it, n):
    return 1

[2025-12-11 21:15:43] DEBUG celery.utils.functional functional:335 - 
def unlock_chord(self, group_id, callback, interval=0, max_retries=1, result=2, Result=3, GroupResult=4, result_from_tuple=5, **kwargs):
    return 1

[2025-12-11 21:15:43] DEBUG celery.utils.functional functional:335 - 
def send_password_reset_email(self, user_id):
    return 1

[2025-12-11 21:15:43] DEBUG celery.utils.functional functional:335 - 
def debug_task(self):
    return 1

[2025-12-11 21:15:43] DEBUG celery.utils.functional functional:335 - 
def group(self, tasks, result, group_id, partial_args, add_to_parent=0):
    return 1

[2025-12-11 21:15:43] DEBUG celery.utils.functional functional:335 - 
def send_welcome_email(self, user_id):
    return 1

[2025-12-11 21:15:43] DEBUG celery.utils.functional functional:335 - 
def xmap(task, it):
    return 1

[2025-12-11 21:15:43] DEBUG celery.utils.functional functional:335 - 
def deactivate_unverified_accounts(days=0):
    return 1

[2025-12-11 21:15:43] DEBUG celery.utils.functional functional:335 - 
def backend_cleanup():
    return 1

[2025-12-11 21:15:43] DEBUG celery.utils.functional functional:335 - 
def send_verification_email(self, user_id):
    return 1

[2025-12-11 21:15:43] DEBUG celery.utils.functional functional:335 - 
def cleanup_expired_tokens():
    return 1

[2025-12-11 21:15:43] DEBUG celery.utils.functional functional:335 - 
def chain(*args, **kwargs):
    return 1

[2025-12-11 21:15:43] DEBUG faker.factory factory:78 - Looking for locale `en_US` in provider `faker.providers.address`.
[2025-12-11 21:15:43] DEBUG faker.factory factory:97 - Provider `faker.providers.address` has been localized to `en_US`.
[2025-12-11 21:15:43] DEBUG faker.factory factory:78 - Looking for locale `en_US` in provider `faker.providers.automotive`.
[2025-12-11 21:15:43] DEBUG faker.factory factory:97 - Provider `faker.providers.automotive` has been localized to `en_US`.
[2025-12-11 21:15:43] DEBUG faker.factory factory:78 - Looking for locale `en_US` in provider `faker.providers.bank`.
[2025-12-11 21:15:43] DEBUG faker.factory factory:88 - Specified locale `en_US` is not available for provider `faker.providers.bank`. Locale reset to `en_GB` for this provider.
[2025-12-11 21:15:43] DEBUG faker.factory factory:78 - Looking for locale `en_US` in provider `faker.providers.barcode`.
[2025-12-11 21:15:43] DEBUG faker.factory factory:97 - Provider `faker.providers.barcode` has been localized to `en_US`.
[2025-12-11 21:15:43] DEBUG faker.factory factory:78 - Looking for locale `en_US` in provider `faker.providers.color`.
[2025-12-11 21:15:43] DEBUG faker.factory factory:97 - Provider `faker.providers.color` has been localized to `en_US`.
[2025-12-11 21:15:43] DEBUG faker.factory factory:78 - Looking for locale `en_US` in provider `faker.providers.company`.
[2025-12-11 21:15:43] DEBUG faker.factory factory:97 - Provider `faker.providers.company` has been localized to `en_US`.
[2025-12-11 21:15:43] DEBUG faker.factory factory:78 - Looking for locale `en_US` in provider `faker.providers.credit_card`.
[2025-12-11 21:15:43] DEBUG faker.factory factory:97 - Provider `faker.providers.credit_card` has been localized to `en_US`.
[2025-12-11 21:15:43] DEBUG faker.factory factory:78 - Looking for locale `en_US` in provider `faker.providers.currency`.
[2025-12-11 21:15:43] DEBUG faker.factory factory:97 - Provider `faker.providers.currency` has been localized to `en_US`.
[2025-12-11 21:15:43] DEBUG faker.factory factory:78 - Looking for locale `en_US` in provider `faker.providers.date_time`.
[2025-12-11 21:15:43] DEBUG faker.factory factory:97 - Provider `faker.providers.date_time` has been localized to `en_US`.
[2025-12-11 21:15:43] DEBUG faker.factory factory:108 - Provider `faker.providers.doi` does not feature localization. Specified locale `en_US` is not used for this provider.
[2025-12-11 21:15:43] DEBUG faker.factory factory:108 - Provider `faker.providers.emoji` does not feature localization. Specified locale `en_US` is not used for this provider.
[2025-12-11 21:15:43] DEBUG faker.factory factory:108 - Provider `faker.providers.file` does not feature localization. Specified locale `en_US` is not used for this provider.
[2025-12-11 21:15:43] DEBUG faker.factory factory:78 - Looking for locale `en_US` in provider `faker.providers.geo`.
[2025-12-11 21:15:43] DEBUG faker.factory factory:97 - Provider `faker.providers.geo` has been localized to `en_US`.
[2025-12-11 21:15:43] DEBUG faker.factory factory:78 - Looking for locale `en_US` in provider `faker.providers.internet`.
[2025-12-11 21:15:43] DEBUG faker.factory factory:97 - Provider `faker.providers.internet` has been localized to `en_US`.
[2025-12-11 21:15:43] DEBUG faker.factory factory:78 - Looking for locale `en_US` in provider `faker.providers.isbn`.
[2025-12-11 21:15:43] DEBUG faker.factory factory:97 - Provider `faker.providers.isbn` has been localized to `en_US`.
[2025-12-11 21:15:43] DEBUG faker.factory factory:78 - Looking for locale `en_US` in provider `faker.providers.job`.
[2025-12-11 21:15:43] DEBUG faker.factory factory:97 - Provider `faker.providers.job` has been localized to `en_US`.
[2025-12-11 21:15:43] DEBUG faker.factory factory:78 - Looking for locale `en_US` in provider `faker.providers.lorem`.
[2025-12-11 21:15:43] DEBUG faker.factory factory:97 - Provider `faker.providers.lorem` has been localized to `en_US`.
[2025-12-11 21:15:43] DEBUG faker.factory factory:78 - Looking for locale `en_US` in provider `faker.providers.misc`.
[2025-12-11 21:15:43] DEBUG faker.factory factory:97 - Provider `faker.providers.misc` has been localized to `en_US`.
[2025-12-11 21:15:43] DEBUG faker.factory factory:78 - Looking for locale `en_US` in provider `faker.providers.passport`.
[2025-12-11 21:15:43] DEBUG faker.factory factory:97 - Provider `faker.providers.passport` has been localized to `en_US`.
[2025-12-11 21:15:43] DEBUG faker.factory factory:78 - Looking for locale `en_US` in provider `faker.providers.person`.
[2025-12-11 21:15:43] DEBUG faker.factory factory:97 - Provider `faker.providers.person` has been localized to `en_US`.
[2025-12-11 21:15:43] DEBUG faker.factory factory:78 - Looking for locale `en_US` in provider `faker.providers.phone_number`.
[2025-12-11 21:15:43] DEBUG faker.factory factory:97 - Provider `faker.providers.phone_number` has been localized to `en_US`.
[2025-12-11 21:15:43] DEBUG faker.factory factory:108 - Provider `faker.providers.profile` does not feature localization. Specified locale `en_US` is not used for this provider.
[2025-12-11 21:15:43] DEBUG faker.factory factory:108 - Provider `faker.providers.python` does not feature localization. Specified locale `en_US` is not used for this provider.
[2025-12-11 21:15:43] DEBUG faker.factory factory:108 - Provider `faker.providers.sbn` does not feature localization. Specified locale `en_US` is not used for this provider.
[2025-12-11 21:15:43] DEBUG faker.factory factory:78 - Looking for locale `en_US` in provider `faker.providers.ssn`.
[2025-12-11 21:15:43] DEBUG faker.factory factory:97 - Provider `faker.providers.ssn` has been localized to `en_US`.
[2025-12-11 21:15:43] DEBUG faker.factory factory:108 - Provider `faker.providers.user_agent` does not feature localization. Specified locale `en_US` is not used for this provider.
[2025-12-11 21:15:58] DEBUG django.db.backends utils:151 - (0.000) SELECT 1; args=None; alias=default
[2025-12-11 21:16:16] DEBUG celery.utils.functional functional:335 - 
def xstarmap(task, it):
    return 1

[2025-12-11 21:16:16] DEBUG celery.utils.functional functional:335 - 
def accumulate(self, *args, **kwargs):
    return 1

[2025-12-11 21:16:16] DEBUG celery.utils.functional functional:335 - 
def chord(self, header, body, partial_args=0, interval=1, countdown=2, max_retries=3, eager=4, **kwargs):
    return 1

[2025-12-11 21:16:16] DEBUG celery.utils.functional functional:335 - 
def chunks(task, it, n):
    return 1

[2025-12-11 21:16:16] DEBUG celery.utils.functional functional:335 - 
def unlock_chord(self, group_id, callback, interval=0, max_retries=1, result=2, Result=3, GroupResult=4, result_from_tuple=5, **kwargs):
    return 1

[2025-12-11 21:16:16] DEBUG celery.utils.functional functional:335 - 
def send_password_reset_email(self, user_id):
    return 1

[2025-12-11 21:16:16] DEBUG celery.utils.functional functional:335 - 
def debug_task(self):
    return 1

[2025-12-11 21:16:16] DEBUG celery.utils.functional functional:335 - 
def group(self, tasks, result, group_id, partial_args, add_to_parent=0):
    return 1

[2025-12-11 21:16:16] DEBUG celery.utils.functional functional:335 - 
def send_welcome_email(self, user_id):
    return 1

[2025-12-11 21:16:16] DEBUG celery.utils.functional functional:335 - 
def xmap(task, it):
    return 1

[2025-12-11 21:16:16] DEBUG celery.utils.functional functional:335 - 
def deactivate_unverified_accounts(days=0):
    return 1

[2025-12-11 21:16:16] DEBUG celery.utils.functional functional:335 - 
def backend_cleanup():
    return 1

[2025-12-11 21:16:16] DEBUG celery.utils.functional functional:335 - 
def send_verification_email(self, user_id):
    return 1

[2025-12-11 21:16:16] DEBUG celery.utils.functional functional:335 - 
def cleanup_expired_tokens():
    return 1

[2025-12-11 21:16:16] DEBUG celery.utils.functional functional:335 - 
def chain(*args, **kwargs):
    return 1

[2025-12-11 21:16:16] DEBUG faker.factory factory:78 - Looking for locale `en_US` in provider `faker.providers.address`.
[2025-12-11 21:16:16] DEBUG faker.factory factory:97 - Provider `faker.providers.address` has been localized to `en_US`.
[2025-12-11 21:16:16] DEBUG faker.factory factory:78 - Looking for locale `en_US` in provider `faker.providers.automotive`.
[2025-12-11 21:16:16] DEBUG faker.factory factory:97 - Provider `faker.providers.automotive` has been localized to `en_US`.
[2025-12-11 21:16:16] DEBUG faker.factory factory:78 - Looking for locale `en_US` in provider `faker.providers.bank`.
[2025-12-11 21:16:16] DEBUG faker.factory factory:88 - Specified locale `en_US` is not available for provider `faker.providers.bank`. Locale reset to `en_GB` for this provider.
[2025-12-11 21:16:16] DEBUG faker.factory factory:78 - Looking for locale `en_US` in provider `faker.providers.barcode`.
[2025-12-11 21:16:16] DEBUG faker.factory factory:97 - Provider `faker.providers.barcode` has been localized to `en_US`.
[2025-12-11 21:16:16] DEBUG faker.factory factory:78 - Looking for locale `en_US` in provider `faker.providers.color`.
[2025-12-11 21:16:16] DEBUG faker.factory factory:97 - Provider `faker.providers.color` has been localized to `en_US`.
[2025-12-11 21:16:16] DEBUG faker.factory factory:78 - Looking for locale `en_US` in provider `faker.providers.company`.
[2025-12-11 21:16:16] DEBUG faker.factory factory:97 - Provider `faker.providers.company` has been localized to `en_US`.
[2025-12-11 21:16:16] DEBUG faker.factory factory:78 - Looking for locale `en_US` in provider `faker.providers.credit_card`.
[2025-12-11 21:16:16] DEBUG faker.factory factory:97 - Provider `faker.providers.credit_card` has been localized to `en_US`.
[2025-12-11 21:16:16] DEBUG faker.factory factory:78 - Looking for locale `en_US` in provider `faker.providers.currency`.
[2025-12-11 21:16:16] DEBUG faker.factory factory:97 - Provider `faker.providers.currency` has been localized to `en_US`.
[2025-12-11 21:16:16] DEBUG faker.factory factory:78 - Looking for locale `en_US` in provider `faker.providers.date_time`.
[2025-12-11 21:16:16] DEBUG faker.factory factory:97 - Provider `faker.providers.date_time` has been localized to `en_US`.
[2025-12-11 21:16:16] DEBUG faker.factory factory:108 - Provider `faker.providers.doi` does not feature localization. Specified locale `en_US` is not used for this provider.
[2025-12-11 21:16:16] DEBUG faker.factory factory:108 - Provider `faker.providers.emoji` does not feature localization. Specified locale `en_US` is not used for this provider.
[2025-12-11 21:16:16] DEBUG faker.factory factory:108 - Provider `faker.providers.file` does not feature localization. Specified locale `en_US` is not used for this provider.
[2025-12-11 21:16:16] DEBUG faker.factory factory:78 - Looking for locale `en_US` in provider `faker.providers.geo`.
[2025-12-11 21:16:16] DEBUG faker.factory factory:97 - Provider `faker.providers.geo` has been localized to `en_US`.
[2025-12-11 21:16:16] DEBUG faker.factory factory:78 - Looking for locale `en_US` in provider `faker.providers.internet`.
[2025-12-11 21:16:16] DEBUG faker.factory factory:97 - Provider `faker.providers.internet` has been localized to `en_US`.
[2025-12-11 21:16:16] DEBUG faker.factory factory:78 - Looking for locale `en_US` in provider `faker.providers.isbn`.
[2025-12-11 21:16:16] DEBUG faker.factory factory:97 - Provider `faker.providers.isbn` has been localized to `en_US`.
[2025-12-11 21:16:16] DEBUG faker.factory factory:78 - Looking for locale `en_US` in provider `faker.providers.job`.
[2025-12-11 21:16:16] DEBUG faker.factory factory:97 - Provider `faker.providers.job` has been localized to `en_US`.
[2025-12-11 21:16:16] DEBUG faker.factory factory:78 - Looking for locale `en_US` in provider `faker.providers.lorem`.
[2025-12-11 21:16:16] DEBUG faker.factory factory:97 - Provider `faker.providers.lorem` has been localized to `en_US`.
[2025-12-11 21:16:16] DEBUG faker.factory factory:78 - Looking for locale `en_US` in provider `faker.providers.misc`.
[2025-12-11 21:16:16] DEBUG faker.factory factory:97 - Provider `faker.providers.misc` has been localized to `en_US`.
[2025-12-11 21:16:16] DEBUG faker.factory factory:78 - Looking for locale `en_US` in provider `faker.providers.passport`.
[2025-12-11 21:16:16] DEBUG faker.factory factory:97 - Provider `faker.providers.passport` has been localized to `en_US`.
[2025-12-11 21:16:16] DEBUG faker.factory factory:78 - Looking for locale `en_US` in provider `faker.providers.person`.
[2025-12-11 21:16:16] DEBUG faker.factory factory:97 - Provider `faker.providers.person` has been localized to `en_US`.
[2025-12-11 21:16:16] DEBUG faker.factory factory:78 - Looking for locale `en_US` in provider `faker.providers.phone_number`.
[2025-12-11 21:16:16] DEBUG faker.factory factory:97 - Provider `faker.providers.phone_number` has been localized to `en_US`.
[2025-12-11 21:16:16] DEBUG faker.factory factory:108 - Provider `faker.providers.profile` does not feature localization. Specified locale `en_US` is not used for this provider.
[2025-12-11 21:16:16] DEBUG faker.factory factory:108 - Provider `faker.providers.python` does not feature localization. Specified locale `en_US` is not used for this provider.
[2025-12-11 21:16:16] DEBUG faker.factory factory:108 - Provider `faker.providers.sbn` does not feature localization. Specified locale `en_US` is not used for this provider.
[2025-12-11 21:16:16] DEBUG faker.factory factory:78 - Looking for locale `en_US` in provider `faker.providers.ssn`.
[2025-12-11 21:16:16] DEBUG faker.factory factory:97 - Provider `faker.providers.ssn` has been localized to `en_US`.
[2025-12-11 21:16:16] DEBUG faker.factory factory:108 - Provider `faker.providers.user_agent` does not feature localization. Specified locale `en_US` is not used for this provider.
[2025-12-11 21:16:28] DEBUG django.db.backends utils:151 - (0.000) SELECT 1; args=None; alias=default
[2025-12-11 21:16:33] DEBUG celery.utils.functional functional:335 - 
def xstarmap(task, it):
    return 1

[2025-12-11 21:16:33] DEBUG celery.utils.functional functional:335 - 
def accumulate(self, *args, **kwargs):
    return 1

[2025-12-11 21:16:33] DEBUG celery.utils.functional functional:335 - 
def chord(self, header, body, partial_args=0, interval=1, countdown=2, max_retries=3, eager=4, **kwargs):
    return 1

[2025-12-11 21:16:33] DEBUG celery.utils.functional functional:335 - 
def chunks(task, it, n):
    return 1

[2025-12-11 21:16:33] DEBUG celery.utils.functional functional:335 - 
def unlock_chord(self, group_id, callback, interval=0, max_retries=1, result=2, Result=3, GroupResult=4, result_from_tuple=5, **kwargs):
    return 1

[2025-12-11 21:16:33] DEBUG celery.utils.functional functional:335 - 
def send_password_reset_email(self, user_id):
    return 1

[2025-12-11 21:16:33] DEBUG celery.utils.functional functional:335 - 
def debug_task(self):
    return 1

[2025-12-11 21:16:33] DEBUG celery.utils.functional functional:335 - 
def group(self, tasks, result, group_id, partial_args, add_to_parent=0):
    return 1

[2025-12-11 21:16:33] DEBUG celery.utils.functional functional:335 - 
def send_welcome_email(self, user_id):
    return 1

[2025-12-11 21:16:33] DEBUG celery.utils.functional functional:335 - 
def xmap(task, it):
    return 1

[2025-12-11 21:16:33] DEBUG celery.utils.functional functional:335 - 
def deactivate_unverified_accounts(days=0):
    return 1

[2025-12-11 21:16:33] DEBUG celery.utils.functional functional:335 - 
def backend_cleanup():
    return 1

[2025-12-11 21:16:33] DEBUG celery.utils.functional functional:335 - 
def send_verification_email(self, user_id):
    return 1

[2025-12-11 21:16:33] DEBUG celery.utils.functional functional:335 - 
def cleanup_expired_tokens():
    return 1

[2025-12-11 21:16:33] DEBUG celery.utils.functional functional:335 - 
def chain(*args, **kwargs):
    return 1

[2025-12-11 21:16:33] DEBUG faker.factory factory:78 - Looking for locale `en_US` in provider `faker.providers.address`.
[2025-12-11 21:16:33] DEBUG faker.factory factory:97 - Provider `faker.providers.address` has been localized to `en_US`.
[2025-12-11 21:16:33] DEBUG faker.factory factory:78 - Looking for locale `en_US` in provider `faker.providers.automotive`.
[2025-12-11 21:16:33] DEBUG faker.factory factory:97 - Provider `faker.providers.automotive` has been localized to `en_US`.
[2025-12-11 21:16:33] DEBUG faker.factory factory:78 - Looking for locale `en_US` in provider `faker.providers.bank`.
[2025-12-11 21:16:33] DEBUG faker.factory factory:88 - Specified locale `en_US` is not available for provider `faker.providers.bank`. Locale reset to `en_GB` for this provider.
[2025-12-11 21:16:33] DEBUG faker.factory factory:78 - Looking for locale `en_US` in provider `faker.providers.barcode`.
[2025-12-11 21:16:33] DEBUG faker.factory factory:97 - Provider `faker.providers.barcode` has been localized to `en_US`.
[2025-12-11 21:16:33] DEBUG faker.factory factory:78 - Looking for locale `en_US` in provider `faker.providers.color`.
[2025-12-11 21:16:33] DEBUG faker.factory factory:97 - Provider `faker.providers.color` has been localized to `en_US`.
[2025-12-11 21:16:33] DEBUG faker.factory factory:78 - Looking for locale `en_US` in provider `faker.providers.company`.
[2025-12-11 21:16:33] DEBUG faker.factory factory:97 - Provider `faker.providers.company` has been localized to `en_US`.
[2025-12-11 21:16:33] DEBUG faker.factory factory:78 - Looking for locale `en_US` in provider `faker.providers.credit_card`.
[2025-12-11 21:16:33] DEBUG faker.factory factory:97 - Provider `faker.providers.credit_card` has been localized to `en_US`.
[2025-12-11 21:16:33] DEBUG faker.factory factory:78 - Looking for locale `en_US` in provider `faker.providers.currency`.
[2025-12-11 21:16:33] DEBUG faker.factory factory:97 - Provider `faker.providers.currency` has been localized to `en_US`.
[2025-12-11 21:16:33] DEBUG faker.factory factory:78 - Looking for locale `en_US` in provider `faker.providers.date_time`.
[2025-12-11 21:16:33] DEBUG faker.factory factory:97 - Provider `faker.providers.date_time` has been localized to `en_US`.
[2025-12-11 21:16:33] DEBUG faker.factory factory:108 - Provider `faker.providers.doi` does not feature localization. Specified locale `en_US` is not used for this provider.
[2025-12-11 21:16:33] DEBUG faker.factory factory:108 - Provider `faker.providers.emoji` does not feature localization. Specified locale `en_US` is not used for this provider.
[2025-12-11 21:16:33] DEBUG faker.factory factory:108 - Provider `faker.providers.file` does not feature localization. Specified locale `en_US` is not used for this provider.
[2025-12-11 21:16:33] DEBUG faker.factory factory:78 - Looking for locale `en_US` in provider `faker.providers.geo`.
[2025-12-11 21:16:33] DEBUG faker.factory factory:97 - Provider `faker.providers.geo` has been localized to `en_US`.
[2025-12-11 21:16:33] DEBUG faker.factory factory:78 - Looking for locale `en_US` in provider `faker.providers.internet`.
[2025-12-11 21:16:33] DEBUG faker.factory factory:97 - Provider `faker.providers.internet` has been localized to `en_US`.
[2025-12-11 21:16:33] DEBUG faker.factory factory:78 - Looking for locale `en_US` in provider `faker.providers.isbn`.
[2025-12-11 21:16:33] DEBUG faker.factory factory:97 - Provider `faker.providers.isbn` has been localized to `en_US`.
[2025-12-11 21:16:33] DEBUG faker.factory factory:78 - Looking for locale `en_US` in provider `faker.providers.job`.
[2025-12-11 21:16:33] DEBUG faker.factory factory:97 - Provider `faker.providers.job` has been localized to `en_US`.
[2025-12-11 21:16:33] DEBUG faker.factory factory:78 - Looking for locale `en_US` in provider `faker.providers.lorem`.
[2025-12-11 21:16:33] DEBUG faker.factory factory:97 - Provider `faker.providers.lorem` has been localized to `en_US`.
[2025-12-11 21:16:33] DEBUG faker.factory factory:78 - Looking for locale `en_US` in provider `faker.providers.misc`.
[2025-12-11 21:16:33] DEBUG faker.factory factory:97 - Provider `faker.providers.misc` has been localized to `en_US`.
[2025-12-11 21:16:33] DEBUG faker.factory factory:78 - Looking for locale `en_US` in provider `faker.providers.passport`.
[2025-12-11 21:16:33] DEBUG faker.factory factory:97 - Provider `faker.providers.passport` has been localized to `en_US`.
[2025-12-11 21:16:33] DEBUG faker.factory factory:78 - Looking for locale `en_US` in provider `faker.providers.person`.
[2025-12-11 21:16:33] DEBUG faker.factory factory:97 - Provider `faker.providers.person` has been localized to `en_US`.
[2025-12-11 21:16:33] DEBUG faker.factory factory:78 - Looking for locale `en_US` in provider `faker.providers.phone_number`.
[2025-12-11 21:16:33] DEBUG faker.factory factory:97 - Provider `faker.providers.phone_number` has been localized to `en_US`.
[2025-12-11 21:16:33] DEBUG faker.factory factory:108 - Provider `faker.providers.profile` does not feature localization. Specified locale `en_US` is not used for this provider.
[2025-12-11 21:16:33] DEBUG faker.factory factory:108 - Provider `faker.providers.python` does not feature localization. Specified locale `en_US` is not used for this provider.
[2025-12-11 21:16:33] DEBUG faker.factory factory:108 - Provider `faker.providers.sbn` does not feature localization. Specified locale `en_US` is not used for this provider.
[2025-12-11 21:16:33] DEBUG faker.factory factory:78 - Looking for locale `en_US` in provider `faker.providers.ssn`.
[2025-12-11 21:16:33] DEBUG faker.factory factory:97 - Provider `faker.providers.ssn` has been localized to `en_US`.
[2025-12-11 21:16:33] DEBUG faker.factory factory:108 - Provider `faker.providers.user_agent` does not feature localization. Specified locale `en_US` is not used for this provider.
[2025-12-11 21:16:59] DEBUG django.db.backends utils:151 - (0.000) SELECT 1; args=None; alias=default
[2025-12-11 21:17:29] DEBUG django.db.backends utils:151 - (0.000) SELECT 1; args=None; alias=default
[2025-12-11 21:17:59] DEBUG django.db.backends utils:151 - (0.000) SELECT 1; args=None; alias=default
[2025-12-11 21:18:29] DEBUG django.db.backends utils:151 - (0.001) SELECT 1; args=None; alias=default
[2025-12-11 21:18:59] DEBUG django.db.backends utils:151 - (0.000) SELECT 1; args=None; alias=default
[2025-12-11 21:19:29] DEBUG django.db.backends utils:151 - (0.001) SELECT 1; args=None; alias=default
[2025-12-11 21:19:59] DEBUG django.db.backends utils:151 - (0.000) SELECT 1; args=None; alias=default
[2025-12-11 21:20:29] DEBUG django.db.backends utils:151 - (0.000) SELECT 1; args=None; alias=default
[2025-12-11 21:20:59] DEBUG django.db.backends utils:151 - (0.000) SELECT 1; args=None; alias=default
[2025-12-11 21:21:29] DEBUG django.db.backends utils:151 - (0.000) SELECT 1; args=None; alias=default
[2025-12-11 22:36:33] DEBUG celery.utils.functional functional:335 - 
def xstarmap(task, it):
    return 1

[2025-12-11 22:36:33] DEBUG celery.utils.functional functional:335 - 
def accumulate(self, *args, **kwargs):
    return 1

[2025-12-11 22:36:33] DEBUG celery.utils.functional functional:335 - 
def send_welcome_email(self, user_id):
    return 1

[2025-12-11 22:36:33] DEBUG celery.utils.functional functional:335 - 
def chord(self, header, body, partial_args=0, interval=1, countdown=2, max_retries=3, eager=4, **kwargs):
    return 1

[2025-12-11 22:36:33] DEBUG celery.utils.functional functional:335 - 
def deactivate_unverified_accounts(days=0):
    return 1

[2025-12-11 22:36:33] DEBUG celery.utils.functional functional:335 - 
def chunks(task, it, n):
    return 1

[2025-12-11 22:36:33] DEBUG celery.utils.functional functional:335 - 
def cleanup_expired_tokens():
    return 1

[2025-12-11 22:36:33] DEBUG celery.utils.functional functional:335 - 
def unlock_chord(self, group_id, callback, interval=0, max_retries=1, result=2, Result=3, GroupResult=4, result_from_tuple=5, **kwargs):
    return 1

[2025-12-11 22:36:33] DEBUG celery.utils.functional functional:335 - 
def send_password_reset_email(self, user_id):
    return 1

[2025-12-11 22:36:33] DEBUG celery.utils.functional functional:335 - 
def send_verification_email(self, user_id):
    return 1

[2025-12-11 22:36:33] DEBUG celery.utils.functional functional:335 - 
def group(self, tasks, result, group_id, partial_args, add_to_parent=0):
    return 1

[2025-12-11 22:36:33] DEBUG celery.utils.functional functional:335 - 
def xmap(task, it):
    return 1

[2025-12-11 22:36:33] DEBUG celery.utils.functional functional:335 - 
def backend_cleanup():
    return 1

[2025-12-11 22:36:33] DEBUG celery.utils.functional functional:335 - 
def debug_task(self):
    return 1

[2025-12-11 22:36:33] DEBUG celery.utils.functional functional:335 - 
def chain(*args, **kwargs):
    return 1

[2025-12-11 22:36:33] DEBUG faker.factory factory:78 - Looking for locale `en_US` in provider `faker.providers.address`.
[2025-12-11 22:36:33] DEBUG faker.factory factory:97 - Provider `faker.providers.address` has been localized to `en_US`.
[2025-12-11 22:36:33] DEBUG faker.factory factory:78 - Looking for locale `en_US` in provider `faker.providers.automotive`.
[2025-12-11 22:36:33] DEBUG faker.factory factory:97 - Provider `faker.providers.automotive` has been localized to `en_US`.
[2025-12-11 22:36:33] DEBUG faker.factory factory:78 - Looking for locale `en_US` in provider `faker.providers.bank`.
[2025-12-11 22:36:33] DEBUG faker.factory factory:88 - Specified locale `en_US` is not available for provider `faker.providers.bank`. Locale reset to `en_GB` for this provider.
[2025-12-11 22:36:33] DEBUG faker.factory factory:78 - Looking for locale `en_US` in provider `faker.providers.barcode`.
[2025-12-11 22:36:33] DEBUG faker.factory factory:97 - Provider `faker.providers.barcode` has been localized to `en_US`.
[2025-12-11 22:36:33] DEBUG faker.factory factory:78 - Looking for locale `en_US` in provider `faker.providers.color`.
[2025-12-11 22:36:33] DEBUG faker.factory factory:97 - Provider `faker.providers.color` has been localized to `en_US`.
[2025-12-11 22:36:33] DEBUG faker.factory factory:78 - Looking for locale `en_US` in provider `faker.providers.company`.
[2025-12-11 22:36:33] DEBUG faker.factory factory:97 - Provider `faker.providers.company` has been localized to `en_US`.
[2025-12-11 22:36:33] DEBUG faker.factory factory:78 - Looking for locale `en_US` in provider `faker.providers.credit_card`.
[2025-12-11 22:36:33] DEBUG faker.factory factory:97 - Provider `faker.providers.credit_card` has been localized to `en_US`.
[2025-12-11 22:36:33] DEBUG faker.factory factory:78 - Looking for locale `en_US` in provider `faker.providers.currency`.
[2025-12-11 22:36:33] DEBUG faker.factory factory:97 - Provider `faker.providers.currency` has been localized to `en_US`.
[2025-12-11 22:36:33] DEBUG faker.factory factory:78 - Looking for locale `en_US` in provider `faker.providers.date_time`.
[2025-12-11 22:36:33] DEBUG faker.factory factory:97 - Provider `faker.providers.date_time` has been localized to `en_US`.
[2025-12-11 22:36:33] DEBUG faker.factory factory:108 - Provider `faker.providers.doi` does not feature localization. Specified locale `en_US` is not used for this provider.
[2025-12-11 22:36:33] DEBUG faker.factory factory:108 - Provider `faker.providers.emoji` does not feature localization. Specified locale `en_US` is not used for this provider.
[2025-12-11 22:36:33] DEBUG faker.factory factory:108 - Provider `faker.providers.file` does not feature localization. Specified locale `en_US` is not used for this provider.
[2025-12-11 22:36:33] DEBUG faker.factory factory:78 - Looking for locale `en_US` in provider `faker.providers.geo`.
[2025-12-11 22:36:33] DEBUG faker.factory factory:97 - Provider `faker.providers.geo` has been localized to `en_US`.
[2025-12-11 22:36:33] DEBUG faker.factory factory:78 - Looking for locale `en_US` in provider `faker.providers.internet`.
[2025-12-11 22:36:33] DEBUG faker.factory factory:97 - Provider `faker.providers.internet` has been localized to `en_US`.
[2025-12-11 22:36:33] DEBUG faker.factory factory:78 - Looking for locale `en_US` in provider `faker.providers.isbn`.
[2025-12-11 22:36:33] DEBUG faker.factory factory:97 - Provider `faker.providers.isbn` has been localized to `en_US`.
[2025-12-11 22:36:33] DEBUG faker.factory factory:78 - Looking for locale `en_US` in provider `faker.providers.job`.
[2025-12-11 22:36:33] DEBUG faker.factory factory:97 - Provider `faker.providers.job` has been localized to `en_US`.
[2025-12-11 22:36:33] DEBUG faker.factory factory:78 - Looking for locale `en_US` in provider `faker.providers.lorem`.
[2025-12-11 22:36:33] DEBUG faker.factory factory:97 - Provider `faker.providers.lorem` has been localized to `en_US`.
[2025-12-11 22:36:33] DEBUG faker.factory factory:78 - Looking for locale `en_US` in provider `faker.providers.misc`.
[2025-12-11 22:36:33] DEBUG faker.factory factory:97 - Provider `faker.providers.misc` has been localized to `en_US`.
[2025-12-11 22:36:33] DEBUG faker.factory factory:78 - Looking for locale `en_US` in provider `faker.providers.passport`.
[2025-12-11 22:36:33] DEBUG faker.factory factory:97 - Provider `faker.providers.passport` has been localized to `en_US`.
[2025-12-11 22:36:33] DEBUG faker.factory factory:78 - Looking for locale `en_US` in provider `faker.providers.person`.
[2025-12-11 22:36:33] DEBUG faker.factory factory:97 - Provider `faker.providers.person` has been localized to `en_US`.
[2025-12-11 22:36:33] DEBUG faker.factory factory:78 - Looking for locale `en_US` in provider `faker.providers.phone_number`.
[2025-12-11 22:36:33] DEBUG faker.factory factory:97 - Provider `faker.providers.phone_number` has been localized to `en_US`.
[2025-12-11 22:36:33] DEBUG faker.factory factory:108 - Provider `faker.providers.profile` does not feature localization. Specified locale `en_US` is not used for this provider.
[2025-12-11 22:36:33] DEBUG faker.factory factory:108 - Provider `faker.providers.python` does not feature localization. Specified locale `en_US` is not used for this provider.
[2025-12-11 22:36:33] DEBUG faker.factory factory:108 - Provider `faker.providers.sbn` does not feature localization. Specified locale `en_US` is not used for this provider.
[2025-12-11 22:36:33] DEBUG faker.factory factory:78 - Looking for locale `en_US` in provider `faker.providers.ssn`.
[2025-12-11 22:36:33] DEBUG faker.factory factory:97 - Provider `faker.providers.ssn` has been localized to `en_US`.
[2025-12-11 22:36:33] DEBUG faker.factory factory:108 - Provider `faker.providers.user_agent` does not feature localization. Specified locale `en_US` is not used for this provider.
[2025-12-11 22:37:13] DEBUG faker.factory factory:78 - Looking for locale `en_US` in provider `faker.providers.address`.
[2025-12-11 22:37:13] DEBUG faker.factory factory:97 - Provider `faker.providers.address` has been localized to `en_US`.
[2025-12-11 22:37:13] DEBUG faker.factory factory:78 - Looking for locale `en_US` in provider `faker.providers.automotive`.
[2025-12-11 22:37:13] DEBUG faker.factory factory:97 - Provider `faker.providers.automotive` has been localized to `en_US`.
[2025-12-11 22:37:13] DEBUG faker.factory factory:78 - Looking for locale `en_US` in provider `faker.providers.bank`.
[2025-12-11 22:37:13] DEBUG faker.factory factory:88 - Specified locale `en_US` is not available for provider `faker.providers.bank`. Locale reset to `en_GB` for this provider.
[2025-12-11 22:37:13] DEBUG faker.factory factory:78 - Looking for locale `en_US` in provider `faker.providers.barcode`.
[2025-12-11 22:37:13] DEBUG faker.factory factory:97 - Provider `faker.providers.barcode` has been localized to `en_US`.
[2025-12-11 22:37:13] DEBUG faker.factory factory:78 - Looking for locale `en_US` in provider `faker.providers.color`.
[2025-12-11 22:37:13] DEBUG faker.factory factory:97 - Provider `faker.providers.color` has been localized to `en_US`.
[2025-12-11 22:37:13] DEBUG faker.factory factory:78 - Looking for locale `en_US` in provider `faker.providers.company`.
[2025-12-11 22:37:13] DEBUG faker.factory factory:97 - Provider `faker.providers.company` has been localized to `en_US`.
[2025-12-11 22:37:13] DEBUG faker.factory factory:78 - Looking for locale `en_US` in provider `faker.providers.credit_card`.
[2025-12-11 22:37:13] DEBUG faker.factory factory:97 - Provider `faker.providers.credit_card` has been localized to `en_US`.
[2025-12-11 22:37:13] DEBUG faker.factory factory:78 - Looking for locale `en_US` in provider `faker.providers.currency`.
[2025-12-11 22:37:13] DEBUG faker.factory factory:97 - Provider `faker.providers.currency` has been localized to `en_US`.
[2025-12-11 22:37:13] DEBUG faker.factory factory:78 - Looking for locale `en_US` in provider `faker.providers.date_time`.
[2025-12-11 22:37:13] DEBUG faker.factory factory:97 - Provider `faker.providers.date_time` has been localized to `en_US`.
[2025-12-11 22:37:13] DEBUG faker.factory factory:108 - Provider `faker.providers.doi` does not feature localization. Specified locale `en_US` is not used for this provider.
[2025-12-11 22:37:13] DEBUG faker.factory factory:108 - Provider `faker.providers.emoji` does not feature localization. Specified locale `en_US` is not used for this provider.
[2025-12-11 22:37:13] DEBUG faker.factory factory:108 - Provider `faker.providers.file` does not feature localization. Specified locale `en_US` is not used for this provider.
[2025-12-11 22:37:13] DEBUG faker.factory factory:78 - Looking for locale `en_US` in provider `faker.providers.geo`.
[2025-12-11 22:37:13] DEBUG faker.factory factory:97 - Provider `faker.providers.geo` has been localized to `en_US`.
[2025-12-11 22:37:13] DEBUG faker.factory factory:78 - Looking for locale `en_US` in provider `faker.providers.internet`.
[2025-12-11 22:37:13] DEBUG faker.factory factory:97 - Provider `faker.providers.internet` has been localized to `en_US`.
[2025-12-11 22:37:13] DEBUG faker.factory factory:78 - Looking for locale `en_US` in provider `faker.providers.isbn`.
[2025-12-11 22:37:13] DEBUG faker.factory factory:97 - Provider `faker.providers.isbn` has been localized to `en_US`.
[2025-12-11 22:37:13] DEBUG faker.factory factory:78 - Looking for locale `en_US` in provider `faker.providers.job`.
[2025-12-11 22:37:13] DEBUG faker.factory factory:97 - Provider `faker.providers.job` has been localized to `en_US`.
[2025-12-11 22:37:13] DEBUG faker.factory factory:78 - Looking for locale `en_US` in provider `faker.providers.lorem`.
[2025-12-11 22:37:13] DEBUG faker.factory factory:97 - Provider `faker.providers.lorem` has been localized to `en_US`.
[2025-12-11 22:37:13] DEBUG faker.factory factory:78 - Looking for locale `en_US` in provider `faker.providers.misc`.
[2025-12-11 22:37:13] DEBUG faker.factory factory:97 - Provider `faker.providers.misc` has been localized to `en_US`.
[2025-12-11 22:37:13] DEBUG faker.factory factory:78 - Looking for locale `en_US` in provider `faker.providers.passport`.
[2025-12-11 22:37:13] DEBUG faker.factory factory:97 - Provider `faker.providers.passport` has been localized to `en_US`.
[2025-12-11 22:37:13] DEBUG faker.factory factory:78 - Looking for locale `en_US` in provider `faker.providers.person`.
[2025-12-11 22:37:13] DEBUG faker.factory factory:97 - Provider `faker.providers.person` has been localized to `en_US`.
[2025-12-11 22:37:13] DEBUG faker.factory factory:78 - Looking for locale `en_US` in provider `faker.providers.phone_number`.
[2025-12-11 22:37:13] DEBUG faker.factory factory:97 - Provider `faker.providers.phone_number` has been localized to `en_US`.
[2025-12-11 22:37:13] DEBUG faker.factory factory:108 - Provider `faker.providers.profile` does not feature localization. Specified locale `en_US` is not used for this provider.
[2025-12-11 22:37:13] DEBUG faker.factory factory:108 - Provider `faker.providers.python` does not feature localization. Specified locale `en_US` is not used for this provider.
[2025-12-11 22:37:13] DEBUG faker.factory factory:108 - Provider `faker.providers.sbn` does not feature localization. Specified locale `en_US` is not used for this provider.
[2025-12-11 22:37:13] DEBUG faker.factory factory:78 - Looking for locale `en_US` in provider `faker.providers.ssn`.
[2025-12-11 22:37:13] DEBUG faker.factory factory:97 - Provider `faker.providers.ssn` has been localized to `en_US`.
[2025-12-11 22:37:13] DEBUG faker.factory factory:108 - Provider `faker.providers.user_agent` does not feature localization. Specified locale `en_US` is not used for this provider.
[2025-12-11 22:58:10] DEBUG django.db.backends utils:151 - (0.000) SELECT 1; args=None; alias=default
[2025-12-11 22:58:40] DEBUG django.db.backends utils:151 - (0.000) SELECT 1; args=None; alias=default
